The system is: Windows - 10.0.22621 - AMD64
Compiling the CXX compiler identification source file "CMakeCXXCompilerId.cpp" succeeded.
Compiler: D:/visual_studio/VC/Tools/MSVC/14.36.32532/bin/HostX64/x64/cl.exe 
Build flags: -DQT_QML_DEBUG
Id flags:  

The output was:
0
用于 x64 的 Microsoft (R) C/C++ 优化编译器 19.36.32537 版
版权所有(C) Microsoft Corporation。保留所有权利。

CMakeCXXCompilerId.cpp
Microsoft (R) Incremental Linker Version 14.36.32537.0
Copyright (C) Microsoft Corporation.  All rights reserved.

/out:CMakeCXXCompilerId.exe 
CMakeCXXCompilerId.obj 


Compilation of the CXX compiler identification source "CMakeCXXCompilerId.cpp" produced "CMakeCXXCompilerId.exe"

Compilation of the CXX compiler identification source "CMakeCXXCompilerId.cpp" produced "CMakeCXXCompilerId.obj"

The CXX compiler identification is MSVC, found in "E:/PostGraduate/c++/NetDisk/build-TcpClient-Desktop_Qt_5_15_2_MSVC2019_64bit-Debug/CMakeFiles/3.24.2/CompilerIdCXX/CMakeCXXCompilerId.exe"

Detecting CXX compiler ABI info compiled with the following output:
Change Dir: E:/PostGraduate/c++/NetDisk/build-TcpClient-Desktop_Qt_5_15_2_MSVC2019_64bit-Debug/CMakeFiles/CMakeTmp

Run Build Command(s):D:/visual_studio/Common7/IDE/CommonExtensions/Microsoft/CMake/Ninja/ninja.exe cmTC_65ce4 && [1/2] Building CXX object CMakeFiles\cmTC_65ce4.dir\CMakeCXXCompilerABI.cpp.obj
注意: 包含文件:  E:\qt\Tools\CMake_64\share\cmake-3.24\Modules\CMakeCompilerABI.h
[2/2] Linking CXX executable cmTC_65ce4.exe



